# JRE version: Java(TM) SE Runtime Environment (8.0_111-b14) (build 1.8.0_111-b14)
# Java VM: Java HotSpot(TM) 64-Bit Server VM (25.111-b14 mixed mode windows-amd64 compressed oops)
Heap:
 PSYoungGen      total 309248K, used 123260K [0x00000000eae00000, 0x00000000ff480000, 0x0000000100000000)
  eden space 308736K, 39% used [0x00000000eae00000,0x00000000f264f088,0x00000000fdb80000)
  from space 512K, 12% used [0x00000000ff400000,0x00000000ff410000,0x00000000ff480000)
  to   space 512K, 0% used [0x00000000ff380000,0x00000000ff380000,0x00000000ff400000)
 ParOldGen       total 63488K, used 27379K [0x00000000c0a00000, 0x00000000c4800000, 0x00000000eae00000)
  object space 63488K, 43% used [0x00000000c0a00000,0x00000000c24bcc18,0x00000000c4800000)
 Metaspace       used 20376K, capacity 20618K, committed 20992K, reserved 1067008K
  class space    used 2455K, capacity 2549K, committed 2560K, reserved 1048576K
GC Heap History (10 events):
Event: 473.948 GC heap before
{Heap before GC invocations=1471 (full 1):
 PSYoungGen      total 228864K, used 228384K [0x00000000eae00000, 0x00000000ff480000, 0x0000000100000000)
  eden space 228352K, 100% used [0x00000000eae00000,0x00000000f8d00000,0x00000000f8d00000)
  from space 512K, 6% used [0x00000000ff380000,0x00000000ff388000,0x00000000ff400000)
  to   space 512K, 0% used [0x00000000ff400000,0x00000000ff400000,0x00000000ff480000)
 ParOldGen       total 63488K, used 27379K [0x00000000c0a00000, 0x00000000c4800000, 0x00000000eae00000)
  object space 63488K, 43% used [0x00000000c0a00000,0x00000000c24bcc18,0x00000000c4800000)
 Metaspace       used 20376K, capacity 20618K, committed 20992K, reserved 1067008K
  class space    used 2455K, capacity 2549K, committed 2560K, reserved 1048576K
Event: 473.948 GC heap after
Heap after GC invocations=1471 (full 1):
 PSYoungGen      total 218624K, used 64K [0x00000000eae00000, 0x00000000ff480000, 0x0000000100000000)
  eden space 218112K, 0% used [0x00000000eae00000,0x00000000eae00000,0x00000000f8300000)
  from space 512K, 12% used [0x00000000ff400000,0x00000000ff410000,0x00000000ff480000)
  to   space 512K, 0% used [0x00000000ff380000,0x00000000ff380000,0x00000000ff400000)
 ParOldGen       total 63488K, used 27379K [0x00000000c0a00000, 0x00000000c4800000, 0x00000000eae00000)
  object space 63488K, 43% used [0x00000000c0a00000,0x00000000c24bcc18,0x00000000c4800000)
 Metaspace       used 20376K, capacity 20618K, committed 20992K, reserved 1067008K
  class space    used 2455K, capacity 2549K, committed 2560K, reserved 1048576K
}
Event: 475.077 GC heap before
{Heap before GC invocations=1472 (full 1):
 PSYoungGen      total 218624K, used 218176K [0x00000000eae00000, 0x00000000ff480000, 0x0000000100000000)
  eden space 218112K, 100% used [0x00000000eae00000,0x00000000f8300000,0x00000000f8300000)
  from space 512K, 12% used [0x00000000ff400000,0x00000000ff410000,0x00000000ff480000)
  to   space 512K, 0% used [0x00000000ff380000,0x00000000ff380000,0x00000000ff400000)
 ParOldGen       total 63488K, used 27379K [0x00000000c0a00000, 0x00000000c4800000, 0x00000000eae00000)
  object space 63488K, 43% used [0x00000000c0a00000,0x00000000c24bcc18,0x00000000c4800000)
 Metaspace       used 20376K, capacity 20618K, committed 20992K, reserved 1067008K
  class space    used 2455K, capacity 2549K, committed 2560K, reserved 1048576K
Event: 475.160 GC heap after
Heap after GC invocations=1472 (full 1):
 PSYoungGen      total 244736K, used 32K [0x00000000eae00000, 0x00000000ff480000, 0x0000000100000000)
  eden space 244224K, 0% used [0x00000000eae00000,0x00000000eae00000,0x00000000f9c80000)
  from space 512K, 6% used [0x00000000ff380000,0x00000000ff388000,0x00000000ff400000)
  to   space 512K, 0% used [0x00000000ff400000,0x00000000ff400000,0x00000000ff480000)
 ParOldGen       total 63488K, used 27379K [0x00000000c0a00000, 0x00000000c4800000, 0x00000000eae00000)
  object space 63488K, 43% used [0x00000000c0a00000,0x00000000c24bcc18,0x00000000c4800000)
 Metaspace       used 20376K, capacity 20618K, committed 20992K, reserved 1067008K
  class space    used 2455K, capacity 2549K, committed 2560K, reserved 1048576K
}
Event: 476.759 GC heap before
{Heap before GC invocations=1473 (full 1):
 PSYoungGen      total 244736K, used 244256K [0x00000000eae00000, 0x00000000ff480000, 0x0000000100000000)
  eden space 244224K, 100% used [0x00000000eae00000,0x00000000f9c80000,0x00000000f9c80000)
  from space 512K, 6% used [0x00000000ff380000,0x00000000ff388000,0x00000000ff400000)
  to   space 512K, 0% used [0x00000000ff400000,0x00000000ff400000,0x00000000ff480000)
 ParOldGen       total 63488K, used 27379K [0x00000000c0a00000, 0x00000000c4800000, 0x00000000eae00000)
  object space 63488K, 43% used [0x00000000c0a00000,0x00000000c24bcc18,0x00000000c4800000)
 Metaspace       used 20376K, capacity 20618K, committed 20992K, reserved 1067008K
  class space    used 2455K, capacity 2549K, committed 2560K, reserved 1048576K
Event: 476.837 GC heap after
Heap after GC invocations=1473 (full 1):
 PSYoungGen      total 276480K, used 32K [0x00000000eae00000, 0x00000000ff480000, 0x0000000100000000)
  eden space 275968K, 0% used [0x00000000eae00000,0x00000000eae00000,0x00000000fbb80000)
  from space 512K, 6% used [0x00000000ff400000,0x00000000ff408000,0x00000000ff480000)
  to   space 512K, 0% used [0x00000000ff380000,0x00000000ff380000,0x00000000ff400000)
 ParOldGen       total 63488K, used 27379K [0x00000000c0a00000, 0x00000000c4800000, 0x00000000eae00000)
  object space 63488K, 43% used [0x00000000c0a00000,0x00000000c24bcc18,0x00000000c4800000)
 Metaspace       used 20376K, capacity 20618K, committed 20992K, reserved 1067008K
  class space    used 2455K, capacity 2549K, committed 2560K, reserved 1048576K
}
Event: 478.779 GC heap before
{Heap before GC invocations=1474 (full 1):
 PSYoungGen      total 276480K, used 276000K [0x00000000eae00000, 0x00000000ff480000, 0x0000000100000000)
  eden space 275968K, 100% used [0x00000000eae00000,0x00000000fbb80000,0x00000000fbb80000)
  from space 512K, 6% used [0x00000000ff400000,0x00000000ff408000,0x00000000ff480000)
  to   space 512K, 0% used [0x00000000ff380000,0x00000000ff380000,0x00000000ff400000)
 ParOldGen       total 63488K, used 27379K [0x00000000c0a00000, 0x00000000c4800000, 0x00000000eae00000)
  object space 63488K, 43% used [0x00000000c0a00000,0x00000000c24bcc18,0x00000000c4800000)
 Metaspace       used 20376K, capacity 20618K, committed 20992K, reserved 1067008K
  class space    used 2455K, capacity 2549K, committed 2560K, reserved 1048576K
Event: 478.788 GC heap after
Heap after GC invocations=1474 (full 1):
 PSYoungGen      total 309248K, used 64K [0x00000000eae00000, 0x00000000ff480000, 0x0000000100000000)
  eden space 308736K, 0% used [0x00000000eae00000,0x00000000eae00000,0x00000000fdb80000)
  from space 512K, 12% used [0x00000000ff380000,0x00000000ff390000,0x00000000ff400000)
  to   space 512K, 0% used [0x00000000ff400000,0x00000000ff400000,0x00000000ff480000)
 ParOldGen       total 63488K, used 27379K [0x00000000c0a00000, 0x00000000c4800000, 0x00000000eae00000)
  object space 63488K, 43% used [0x00000000c0a00000,0x00000000c24bcc18,0x00000000c4800000)
 Metaspace       used 20376K, capacity 20618K, committed 20992K, reserved 1067008K
  class space    used 2455K, capacity 2549K, committed 2560K, reserved 1048576K
}
Event: 480.523 GC heap before
{Heap before GC invocations=1475 (full 1):
 PSYoungGen      total 309248K, used 308800K [0x00000000eae00000, 0x00000000ff480000, 0x0000000100000000)
  eden space 308736K, 100% used [0x00000000eae00000,0x00000000fdb80000,0x00000000fdb80000)
  from space 512K, 12% used [0x00000000ff380000,0x00000000ff390000,0x00000000ff400000)
  to   space 512K, 0% used [0x00000000ff400000,0x00000000ff400000,0x00000000ff480000)
 ParOldGen       total 63488K, used 27379K [0x00000000c0a00000, 0x00000000c4800000, 0x00000000eae00000)
  object space 63488K, 43% used [0x00000000c0a00000,0x00000000c24bcc18,0x00000000c4800000)
 Metaspace       used 20376K, capacity 20618K, committed 20992K, reserved 1067008K
  class space    used 2455K, capacity 2549K, committed 2560K, reserved 1048576K
Event: 480.524 GC heap after
Heap after GC invocations=1475 (full 1):
 PSYoungGen      total 309248K, used 64K [0x00000000eae00000, 0x00000000ff480000, 0x0000000100000000)
  eden space 308736K, 0% used [0x00000000eae00000,0x00000000eae00000,0x00000000fdb80000)
  from space 512K, 12% used [0x00000000ff400000,0x00000000ff410000,0x00000000ff480000)
  to   space 512K, 0% used [0x00000000ff380000,0x00000000ff380000,0x00000000ff400000)
 ParOldGen       total 63488K, used 27379K [0x00000000c0a00000, 0x00000000c4800000, 0x00000000eae00000)
  object space 63488K, 43% used [0x00000000c0a00000,0x00000000c24bcc18,0x00000000c4800000)
 Metaspace       used 20376K, capacity 20618K, committed 20992K, reserved 1067008K
  class space    used 2455K, capacity 2549K, committed 2560K, reserved 1048576K
}

